INFO [2017-09-04 12:38:16] $x
INFO [2017-09-04 12:38:16] list(SNP_pop_1, SNP_pop_2, SNP_pop_3)
INFO [2017-09-04 12:38:16] 
INFO [2017-09-04 12:38:16] $category.names
INFO [2017-09-04 12:38:16] c("SNP pop 1", "SNP pop 2 ", "SNP pop 3")
INFO [2017-09-04 12:38:16] 
INFO [2017-09-04 12:38:16] $filename
INFO [2017-09-04 12:38:16] [1] "#14_venn_diagramm.png"
INFO [2017-09-04 12:38:16] 
INFO [2017-09-04 12:38:16] $output
INFO [2017-09-04 12:38:16] [1] TRUE
INFO [2017-09-04 12:38:16] 
INFO [2017-09-04 12:38:16] $imagetype
INFO [2017-09-04 12:38:16] [1] "png"
INFO [2017-09-04 12:38:16] 
INFO [2017-09-04 12:38:16] $height
INFO [2017-09-04 12:38:16] [1] 480
INFO [2017-09-04 12:38:16] 
INFO [2017-09-04 12:38:16] $width
INFO [2017-09-04 12:38:16] [1] 480
INFO [2017-09-04 12:38:16] 
INFO [2017-09-04 12:38:16] $resolution
INFO [2017-09-04 12:38:16] [1] 300
INFO [2017-09-04 12:38:16] 
INFO [2017-09-04 12:38:16] $compression
INFO [2017-09-04 12:38:16] [1] "lzw"
INFO [2017-09-04 12:38:16] 
INFO [2017-09-04 12:38:16] $lwd
INFO [2017-09-04 12:38:16] [1] 2
INFO [2017-09-04 12:38:16] 
INFO [2017-09-04 12:38:16] $lty
INFO [2017-09-04 12:38:16] [1] "blank"
INFO [2017-09-04 12:38:16] 
INFO [2017-09-04 12:38:16] $fill
INFO [2017-09-04 12:38:16] c("yellow", "purple", "green")
INFO [2017-09-04 12:38:16] 
INFO [2017-09-04 12:38:16] $cex
INFO [2017-09-04 12:38:16] [1] 1
INFO [2017-09-04 12:38:16] 
INFO [2017-09-04 12:38:16] $fontface
INFO [2017-09-04 12:38:16] [1] "bold"
INFO [2017-09-04 12:38:16] 
INFO [2017-09-04 12:38:16] $fontfamily
INFO [2017-09-04 12:38:16] [1] "sans"
INFO [2017-09-04 12:38:16] 
INFO [2017-09-04 12:38:16] $cat.cex
INFO [2017-09-04 12:38:16] [1] 0.6
INFO [2017-09-04 12:38:16] 
INFO [2017-09-04 12:38:16] $cat.fontface
INFO [2017-09-04 12:38:16] [1] "bold"
INFO [2017-09-04 12:38:16] 
INFO [2017-09-04 12:38:16] $cat.default.pos
INFO [2017-09-04 12:38:16] [1] "outer"
INFO [2017-09-04 12:38:16] 
INFO [2017-09-04 12:38:16] $cat.pos
INFO [2017-09-04 12:38:16] c(-27, 27, 135)
INFO [2017-09-04 12:38:16] 
INFO [2017-09-04 12:38:16] $cat.dist
INFO [2017-09-04 12:38:16] c(0.055, 0.055, 0.085)
INFO [2017-09-04 12:38:16] 
INFO [2017-09-04 12:38:16] $cat.fontfamily
INFO [2017-09-04 12:38:16] [1] "sans"
INFO [2017-09-04 12:38:16] 
INFO [2017-09-04 12:38:16] $rotation
INFO [2017-09-04 12:38:16] [1] 1
INFO [2017-09-04 12:38:16] 
