INFO [2017-09-04 12:37:04] $x
INFO [2017-09-04 12:37:04] list(SNP_pop_1, SNP_pop_2, SNP_pop_3)
INFO [2017-09-04 12:37:04] 
INFO [2017-09-04 12:37:04] $category.names
INFO [2017-09-04 12:37:04] c("SNP pop 1", "SNP pop 2 ", "SNP pop 3")
INFO [2017-09-04 12:37:04] 
INFO [2017-09-04 12:37:04] $filename
INFO [2017-09-04 12:37:04] [1] "#14_venn_diagramm.png"
INFO [2017-09-04 12:37:04] 
INFO [2017-09-04 12:37:04] $output
INFO [2017-09-04 12:37:04] [1] TRUE
INFO [2017-09-04 12:37:04] 
INFO [2017-09-04 12:37:04] $imagetype
INFO [2017-09-04 12:37:04] [1] "png"
INFO [2017-09-04 12:37:04] 
INFO [2017-09-04 12:37:04] $height
INFO [2017-09-04 12:37:04] [1] 480
INFO [2017-09-04 12:37:04] 
INFO [2017-09-04 12:37:04] $width
INFO [2017-09-04 12:37:04] [1] 480
INFO [2017-09-04 12:37:04] 
INFO [2017-09-04 12:37:04] $resolution
INFO [2017-09-04 12:37:04] [1] 300
INFO [2017-09-04 12:37:04] 
INFO [2017-09-04 12:37:04] $compression
INFO [2017-09-04 12:37:04] [1] "lzw"
INFO [2017-09-04 12:37:04] 
INFO [2017-09-04 12:37:04] $lwd
INFO [2017-09-04 12:37:04] [1] 2
INFO [2017-09-04 12:37:04] 
INFO [2017-09-04 12:37:04] $lty
INFO [2017-09-04 12:37:04] [1] "blank"
INFO [2017-09-04 12:37:04] 
INFO [2017-09-04 12:37:04] $fill
INFO [2017-09-04 12:37:04] c("yellow", "purple", "green")
INFO [2017-09-04 12:37:04] 
INFO [2017-09-04 12:37:04] $cex
INFO [2017-09-04 12:37:04] [1] 1
INFO [2017-09-04 12:37:04] 
INFO [2017-09-04 12:37:04] $fontface
INFO [2017-09-04 12:37:04] [1] "bold"
INFO [2017-09-04 12:37:04] 
INFO [2017-09-04 12:37:04] $fontfamily
INFO [2017-09-04 12:37:04] [1] "sans"
INFO [2017-09-04 12:37:04] 
INFO [2017-09-04 12:37:04] $cat.cex
INFO [2017-09-04 12:37:04] [1] 0.6
INFO [2017-09-04 12:37:04] 
INFO [2017-09-04 12:37:04] $cat.fontface
INFO [2017-09-04 12:37:04] [1] "bold"
INFO [2017-09-04 12:37:04] 
INFO [2017-09-04 12:37:04] $cat.default.pos
INFO [2017-09-04 12:37:04] [1] "outer"
INFO [2017-09-04 12:37:04] 
INFO [2017-09-04 12:37:04] $cat.pos
INFO [2017-09-04 12:37:04] c(-27, 27, 135)
INFO [2017-09-04 12:37:04] 
INFO [2017-09-04 12:37:04] $cat.dist
INFO [2017-09-04 12:37:04] c(0.055, 0.055, 0.085)
INFO [2017-09-04 12:37:04] 
INFO [2017-09-04 12:37:04] $cat.fontfamily
INFO [2017-09-04 12:37:04] [1] "sans"
INFO [2017-09-04 12:37:04] 
INFO [2017-09-04 12:37:04] $rotation
INFO [2017-09-04 12:37:04] [1] 1
INFO [2017-09-04 12:37:04] 
